Running: D:\14.7\ISE_DS\ISE\bin\nt64\unwrapped\fuse.exe -intstyle ise -incremental -lib unisims_ver -lib unimacro_ver -lib xilinxcorelib_ver -o C:/Xilinx/PS2Keyboard2/tb_ps2_rx_isim_beh.exe -prj C:/Xilinx/PS2Keyboard2/tb_ps2_rx_beh.prj work.tb_ps2_rx work.glbl 
ISim P.20131013 (signature 0x7708f090)
Number of CPUs detected in this system: 4
Turning on mult-threading, number of parallel sub-compilation jobs: 8 
Determining compilation order of HDL files
Analyzing Verilog file "C:/Xilinx/PS2Keyboard2/ps2_rx.v" into library work
Analyzing Verilog file "C:/Xilinx/PS2Keyboard2/tb_ps2_rx.v" into library work
Analyzing Verilog file "D:/14.7/ISE_DS/ISE//verilog/src/glbl.v" into library work
Starting static elaboration
Completed static elaboration
Compiling module ps2_rx
Compiling module tb_ps2_rx
Compiling module glbl
Time Resolution for simulation is 1ps.
Waiting for 1 sub-compilation(s) to finish...
WARNING:Simulator - Unable to copy libPortabilityNOSH.dll to the simulation executable directory: boost::filesystem::copy_file: The system cannot find the path specified, "isim\tb_ps2_rx_isim_beh.exe.sim\libPortability.dll".
Compiled 3 Verilog Units
Built simulation executable C:/Xilinx/PS2Keyboard2/tb_ps2_rx_isim_beh.exe
Fuse Memory Usage: 27580 KB
Fuse CPU Usage: 562 ms
