Release 14.7 - xst P.20131013 (nt64)
Copyright (c) 1995-2013 Xilinx, Inc.  All rights reserved.
--> Parameter TMPDIR set to xst/projnav.tmp


Total REAL time to Xst completion: 0.00 secs
Total CPU time to Xst completion: 0.17 secs
 
--> Parameter xsthdpdir set to xst


Total REAL time to Xst completion: 0.00 secs
Total CPU time to Xst completion: 0.17 secs
 
--> Reading design: kb_monitor.prj

TABLE OF CONTENTS
  1) Synthesis Options Summary
  2) HDL Compilation
  3) Design Hierarchy Analysis
  4) HDL Analysis
  5) HDL Synthesis
     5.1) HDL Synthesis Report
  6) Advanced HDL Synthesis
     6.1) Advanced HDL Synthesis Report
  7) Low Level Synthesis
  8) Partition Report
  9) Final Report
	9.1) Device utilization summary
	9.2) Partition Resource Summary
	9.3) TIMING REPORT


=========================================================================
*                      Synthesis Options Summary                        *
=========================================================================
---- Source Parameters
Input File Name                    : "kb_monitor.prj"
Input Format                       : mixed
Ignore Synthesis Constraint File   : NO

---- Target Parameters
Output File Name                   : "kb_monitor"
Output Format                      : NGC
Target Device                      : xc3s500e-4-fg320

---- Source Options
Top Module Name                    : kb_monitor
Automatic FSM Extraction           : YES
FSM Encoding Algorithm             : Auto
Safe Implementation                : No
FSM Style                          : LUT
RAM Extraction                     : Yes
RAM Style                          : Auto
ROM Extraction                     : Yes
Mux Style                          : Auto
Decoder Extraction                 : YES
Priority Encoder Extraction        : Yes
Shift Register Extraction          : YES
Logical Shifter Extraction         : YES
XOR Collapsing                     : YES
ROM Style                          : Auto
Mux Extraction                     : Yes
Resource Sharing                   : YES
Asynchronous To Synchronous        : NO
Multiplier Style                   : Auto
Automatic Register Balancing       : No

---- Target Options
Add IO Buffers                     : YES
Global Maximum Fanout              : 100000
Add Generic Clock Buffer(BUFG)     : 24
Register Duplication               : YES
Slice Packing                      : YES
Optimize Instantiated Primitives   : NO
Use Clock Enable                   : Yes
Use Synchronous Set                : Yes
Use Synchronous Reset              : Yes
Pack IO Registers into IOBs        : Auto
Equivalent register Removal        : YES

---- General Options
Optimization Goal                  : Speed
Optimization Effort                : 1
Keep Hierarchy                     : No
Netlist Hierarchy                  : As_Optimized
RTL Output                         : Yes
Global Optimization                : AllClockNets
Read Cores                         : YES
Write Timing Constraints           : NO
Cross Clock Analysis               : NO
Hierarchy Separator                : /
Bus Delimiter                      : <>
Case Specifier                     : Maintain
Slice Utilization Ratio            : 100
BRAM Utilization Ratio             : 100
Verilog 2001                       : YES
Auto BRAM Packing                  : NO
Slice Utilization Ratio Delta      : 5

=========================================================================


=========================================================================
*                          HDL Compilation                              *
=========================================================================
Compiling verilog file "uart_tx.v" in library work
Compiling verilog file "mod_m_counter.v" in library work
Module <uart_tx> compiled
Compiling verilog file "fifo.v" in library work
Module <mod_m_counter> compiled
Compiling verilog file "uart.v" in library work
Module <fifo> compiled
Compiling verilog file "ps2_rx.v" in library work
Module <uart> compiled
Compiling verilog file "key2ascii.v" in library work
Module <ps2_rx> compiled
Compiling verilog file "kb_monitor.v" in library work
Module <key2ascii> compiled
Module <kb_monitor> compiled
No errors in compilation
Analysis of file <"kb_monitor.prj"> succeeded.
 

=========================================================================
*                     Design Hierarchy Analysis                         *
=========================================================================
Analyzing hierarchy for module <kb_monitor> in library <work> with parameters.
	SP = "00100000"
	idle = "00"
	send = "01"
	sendb = "10"

Analyzing hierarchy for module <ps2_rx> in library <work> with parameters.
	dps = "01"
	idle = "00"
	load = "10"

Analyzing hierarchy for module <uart> in library <work> with parameters.
	DBIT = "00000000000000000000000000001000"
	DVSR = "00000000000000000000000000010101"
	DVSR_BIT = "00000000000000000000000000000101"
	FIFO_W = "00000000000000000000000000000010"
	SB_TICK = "00000000000000000000000000010000"

Analyzing hierarchy for module <key2ascii> in library <work>.

Analyzing hierarchy for module <mod_m_counter> in library <work> with parameters.
	M = "00000000000000000000000000010101"
	N = "00000000000000000000000000000101"

Analyzing hierarchy for module <fifo> in library <work> with parameters.
	B = "00000000000000000000000000001000"
	W = "00000000000000000000000000000010"

Analyzing hierarchy for module <uart_tx> in library <work> with parameters.
	DBIT = "00000000000000000000000000001000"
	SB_TICK = "00000000000000000000000000010000"
	data = "10"
	idle = "00"
	start = "01"
	stop = "11"


=========================================================================
*                            HDL Analysis                               *
=========================================================================
Analyzing top module <kb_monitor>.
	SP = 8'b00100000
	idle = 2'b00
	send = 2'b01
	sendb = 2'b10
Module <kb_monitor> is correct for synthesis.
 
Analyzing module <ps2_rx> in library <work>.
	dps = 2'b01
	idle = 2'b00
	load = 2'b10
Module <ps2_rx> is correct for synthesis.
 
Analyzing module <uart> in library <work>.
	DBIT = 32'sb00000000000000000000000000001000
	DVSR = 32'sb00000000000000000000000000010101
	DVSR_BIT = 32'sb00000000000000000000000000000101
	FIFO_W = 32'sb00000000000000000000000000000010
	SB_TICK = 32'sb00000000000000000000000000010000
Module <uart> is correct for synthesis.
 
Analyzing module <mod_m_counter> in library <work>.
	M = 32'sb00000000000000000000000000010101
	N = 32'sb00000000000000000000000000000101
Module <mod_m_counter> is correct for synthesis.
 
Analyzing module <fifo> in library <work>.
	B = 32'sb00000000000000000000000000001000
	W = 32'sb00000000000000000000000000000010
Module <fifo> is correct for synthesis.
 
Analyzing module <uart_tx> in library <work>.
	DBIT = 32'sb00000000000000000000000000001000
	SB_TICK = 32'sb00000000000000000000000000010000
	data = 2'b10
	idle = 2'b00
	start = 2'b01
	stop = 2'b11
Module <uart_tx> is correct for synthesis.
 
Analyzing module <key2ascii> in library <work>.
Module <key2ascii> is correct for synthesis.
 

=========================================================================
*                           HDL Synthesis                               *
=========================================================================

Performing bidirectional port resolution...

Synthesizing Unit <ps2_rx>.
    Related source file is "ps2_rx.v".
    Found finite state machine <FSM_0> for signal <state_reg>.
    -----------------------------------------------------------------------
    | States             | 3                                              |
    | Transitions        | 6                                              |
    | Inputs             | 2                                              |
    | Outputs            | 3                                              |
    | Clock              | clk                       (rising_edge)        |
    | Reset              | reset                     (positive)           |
    | Reset type         | asynchronous                                   |
    | Reset State        | 00                                             |
    | Encoding           | automatic                                      |
    | Implementation     | LUT                                            |
    -----------------------------------------------------------------------
    Found 11-bit register for signal <b_reg>.
    Found 1-bit register for signal <f_ps2c_reg>.
    Found 8-bit register for signal <filter_reg>.
    Found 4-bit subtractor for signal <n_next$addsub0000> created at line 87.
    Found 4-bit register for signal <n_reg>.
    Summary:
	inferred   1 Finite State Machine(s).
	inferred  24 D-type flip-flop(s).
	inferred   1 Adder/Subtractor(s).
Unit <ps2_rx> synthesized.


Synthesizing Unit <key2ascii>.
    Related source file is "key2ascii.v".
Unit <key2ascii> synthesized.


Synthesizing Unit <mod_m_counter>.
    Related source file is "mod_m_counter.v".
    Found 5-bit adder for signal <r_next$addsub0000> created at line 25.
    Found 5-bit register for signal <r_reg>.
    Summary:
	inferred   5 D-type flip-flop(s).
	inferred   1 Adder/Subtractor(s).
Unit <mod_m_counter> synthesized.


Synthesizing Unit <fifo>.
    Related source file is "fifo.v".
WARNING:Xst:646 - Signal <w_ptr_succ> is assigned but never used. This unconnected signal will be trimmed during the optimization process.
WARNING:Xst:646 - Signal <r_ptr_succ> is assigned but never used. This unconnected signal will be trimmed during the optimization process.
    Found 4x8-bit dual-port RAM <Mram_array_reg> for signal <array_reg>.
    Found 1-bit 4-to-1 multiplexer for signal <empty_next>.
    Found 2-bit comparator equal for signal <empty_next$cmp_eq0000> created at line 67.
    Found 1-bit register for signal <empty_reg>.
    Found 1-bit 4-to-1 multiplexer for signal <full_next>.
    Found 2-bit comparator equal for signal <full_next$cmp_eq0000> created at line 75.
    Found 1-bit register for signal <full_reg>.
    Found 2-bit register for signal <r_ptr_reg>.
    Found 2-bit register for signal <w_ptr_reg>.
    Summary:
	inferred   1 RAM(s).
	inferred   6 D-type flip-flop(s).
	inferred   2 Adder/Subtractor(s).
	inferred   2 Comparator(s).
	inferred   2 Multiplexer(s).
Unit <fifo> synthesized.


Synthesizing Unit <uart_tx>.
    Related source file is "uart_tx.v".
INFO:Xst:2117 - HDL ADVISOR - Mux Selector <state_reg> of Case statement line 57 was re-encoded using one-hot encoding. The case statement will be optimized (default statement optimization), but this optimization may lead to design initialization problems. To ensure the design works safely, you can:
   	- add an 'INIT' attribute on signal <state_reg> (optimization is then done without any risk)
   	- use the attribute 'signal_encoding user' to avoid onehot optimization
   	- use the attribute 'safe_implementation yes' to force XST to perform a safe (but less efficient) optimization
    Found finite state machine <FSM_1> for signal <state_reg>.
    -----------------------------------------------------------------------
    | States             | 4                                              |
    | Transitions        | 12                                             |
    | Inputs             | 4                                              |
    | Outputs            | 4                                              |
    | Clock              | clk                       (rising_edge)        |
    | Reset              | reset                     (positive)           |
    | Reset type         | asynchronous                                   |
    | Reset State        | 00                                             |
    | Encoding           | automatic                                      |
    | Implementation     | LUT                                            |
    -----------------------------------------------------------------------
    Found 8-bit register for signal <b_reg>.
    Found 3-bit adder for signal <n_next$addsub0000> created at line 92.
    Found 3-bit register for signal <n_reg>.
    Found 4-bit adder for signal <s_next$share0000> created at line 57.
    Found 4-bit register for signal <s_reg>.
    Found 1-bit register for signal <tx_reg>.
    Summary:
	inferred   1 Finite State Machine(s).
	inferred  16 D-type flip-flop(s).
	inferred   2 Adder/Subtractor(s).
Unit <uart_tx> synthesized.


Synthesizing Unit <uart>.
    Related source file is "uart.v".
WARNING:Xst:647 - Input <rd_uart> is never used. This port will be preserved and left unconnected if it belongs to a top-level block or it belongs to a sub-block and the hierarchy of this sub-block is preserved.
WARNING:Xst:1305 - Output <r_data> is never assigned. Tied to value 00000000.
WARNING:Xst:647 - Input <rx> is never used. This port will be preserved and left unconnected if it belongs to a top-level block or it belongs to a sub-block and the hierarchy of this sub-block is preserved.
WARNING:Xst:1305 - Output <rx_empty> is never assigned. Tied to value 0.
WARNING:Xst:1780 - Signal <rx_done_tick> is never used or assigned. This unconnected signal will be trimmed during the optimization process.
WARNING:Xst:1780 - Signal <rx_data_out> is never used or assigned. This unconnected signal will be trimmed during the optimization process.
Unit <uart> synthesized.


Synthesizing Unit <kb_monitor>.
    Related source file is "kb_monitor.v".
    Found finite state machine <FSM_2> for signal <state_reg>.
    -----------------------------------------------------------------------
    | States             | 3                                              |
    | Transitions        | 4                                              |
    | Inputs             | 1                                              |
    | Outputs            | 3                                              |
    | Clock              | clk                       (rising_edge)        |
    | Reset              | reset                     (positive)           |
    | Reset type         | asynchronous                                   |
    | Reset State        | 00                                             |
    | Encoding           | automatic                                      |
    | Implementation     | LUT                                            |
    -----------------------------------------------------------------------
    Summary:
	inferred   1 Finite State Machine(s).
Unit <kb_monitor> synthesized.

INFO:Xst:1767 - HDL ADVISOR - Resource sharing has identified that some arithmetic operations in this design can share the same physical resources for reduced device utilization. For improved clock frequency you may try to disable resource sharing.

=========================================================================
HDL Synthesis Report

Macro Statistics
# RAMs                                                 : 1
 4x8-bit dual-port RAM                                 : 1
# Adders/Subtractors                                   : 6
 2-bit adder                                           : 2
 3-bit adder                                           : 1
 4-bit adder                                           : 1
 4-bit subtractor                                      : 1
 5-bit adder                                           : 1
# Registers                                            : 13
 1-bit register                                        : 4
 11-bit register                                       : 1
 2-bit register                                        : 2
 3-bit register                                        : 1
 4-bit register                                        : 2
 5-bit register                                        : 1
 8-bit register                                        : 2
# Comparators                                          : 2
 2-bit comparator equal                                : 2
# Multiplexers                                         : 2
 1-bit 4-to-1 multiplexer                              : 2

=========================================================================

=========================================================================
*                       Advanced HDL Synthesis                          *
=========================================================================

Analyzing FSM <FSM_2> for best encoding.
Optimizing FSM <state_reg/FSM> on signal <state_reg[1:2]> with user encoding.
-------------------
 State | Encoding
-------------------
 00    | 00
 01    | 01
 10    | 10
-------------------
Analyzing FSM <FSM_1> for best encoding.
Optimizing FSM <uart_unit/uart_tx_unit/state_reg/FSM> on signal <state_reg[1:2]> with gray encoding.
-------------------
 State | Encoding
-------------------
 00    | 00
 01    | 01
 10    | 11
 11    | 10
-------------------
Analyzing FSM <FSM_0> for best encoding.
Optimizing FSM <ps2_rx_unit/state_reg/FSM> on signal <state_reg[1:2]> with gray encoding.
-------------------
 State | Encoding
-------------------
 00    | 00
 01    | 01
 10    | 11
-------------------
WARNING:Xst:2677 - Node <b_reg_0> of sequential type is unconnected in block <ps2_rx_unit>.

Synthesizing (advanced) Unit <fifo>.
INFO:Xst:3217 - HDL ADVISOR - Register <b_reg> currently described with an asynchronous reset, could be combined with distributed RAM <Mram_array_reg> for implementation on block RAM resources if you made this reset synchronous instead.
    -----------------------------------------------------------------------
    | ram_type           | Distributed                         |          |
    -----------------------------------------------------------------------
    | Port A                                                              |
    |     aspect ratio   | 4-word x 8-bit                      |          |
    |     clkA           | connected to signal <clk>           | rise     |
    |     weA            | connected to signal <wr_en>         | high     |
    |     addrA          | connected to signal <w_ptr_reg>     |          |
    |     diA            | connected to signal <w_data>        |          |
    -----------------------------------------------------------------------
    | Port B                                                              |
    |     aspect ratio   | 4-word x 8-bit                      |          |
    |     addrB          | connected to signal <r_ptr_reg>     |          |
    |     doB            | connected to signal <r_data>        |          |
    -----------------------------------------------------------------------
Unit <fifo> synthesized (advanced).
WARNING:Xst:2677 - Node <b_reg_0> of sequential type is unconnected in block <ps2_rx>.

=========================================================================
Advanced HDL Synthesis Report

Macro Statistics
# FSMs                                                 : 3
# RAMs                                                 : 1
 4x8-bit dual-port distributed RAM                     : 1
# Adders/Subtractors                                   : 6
 2-bit adder                                           : 2
 3-bit adder                                           : 1
 4-bit adder                                           : 1
 4-bit subtractor                                      : 1
 5-bit adder                                           : 1
# Registers                                            : 50
 Flip-Flops                                            : 50
# Comparators                                          : 2
 2-bit comparator equal                                : 2
# Multiplexers                                         : 2
 1-bit 4-to-1 multiplexer                              : 2

=========================================================================

=========================================================================
*                         Low Level Synthesis                           *
=========================================================================

Optimizing unit <kb_monitor> ...

Optimizing unit <ps2_rx> ...

Optimizing unit <mod_m_counter> ...

Optimizing unit <fifo> ...

Optimizing unit <uart_tx> ...

Mapping all equations...
Building and optimizing final netlist ...
Found area constraint ratio of 100 (+ 5) on block kb_monitor, actual ratio is 2.
FlipFlop uart_unit/uart_tx_unit/state_reg_FSM_FFd1 has been replicated 1 time(s)
FlipFlop uart_unit/uart_tx_unit/state_reg_FSM_FFd2 has been replicated 1 time(s)

Final Macro Processing ...

=========================================================================
Final Register Report

Macro Statistics
# Registers                                            : 58
 Flip-Flops                                            : 58

=========================================================================

=========================================================================
*                           Partition Report                            *
=========================================================================

Partition Implementation Status
-------------------------------

  No Partitions were found in this design.

-------------------------------

=========================================================================
*                            Final Report                               *
=========================================================================
Final Results
RTL Top Level Output File Name     : kb_monitor.ngr
Top Level Output File Name         : kb_monitor
Output Format                      : NGC
Optimization Goal                  : Speed
Keep Hierarchy                     : No

Design Statistics
# IOs                              : 5

Cell Usage :
# BELS                             : 239
#      GND                         : 1
#      LUT2                        : 14
#      LUT2_D                      : 7
#      LUT2_L                      : 5
#      LUT3                        : 36
#      LUT3_D                      : 2
#      LUT3_L                      : 13
#      LUT4                        : 116
#      LUT4_D                      : 7
#      LUT4_L                      : 19
#      MUXF5                       : 18
#      VCC                         : 1
# FlipFlops/Latches                : 58
#      FDC                         : 55
#      FDCE                        : 1
#      FDP                         : 2
# RAMS                             : 8
#      RAM16X1D                    : 8
# Clock Buffers                    : 1
#      BUFGP                       : 1
# IO Buffers                       : 4
#      IBUF                        : 3
#      OBUF                        : 1
=========================================================================

Device utilization summary:
---------------------------

Selected Device : 3s500efg320-4 

 Number of Slices:                      115  out of   4656     2%  
 Number of Slice Flip Flops:             58  out of   9312     0%  
 Number of 4 input LUTs:                235  out of   9312     2%  
    Number used as logic:               219
    Number used as RAMs:                 16
 Number of IOs:                           5
 Number of bonded IOBs:                   5  out of    232     2%  
 Number of GCLKs:                         1  out of     24     4%  

---------------------------
Partition Resource Summary:
---------------------------

  No Partitions were found in this design.

---------------------------


=========================================================================
TIMING REPORT

NOTE: THESE TIMING NUMBERS ARE ONLY A SYNTHESIS ESTIMATE.
      FOR ACCURATE TIMING INFORMATION PLEASE REFER TO THE TRACE REPORT
      GENERATED AFTER PLACE-and-ROUTE.

Clock Information:
------------------
-----------------------------------+------------------------+-------+
Clock Signal                       | Clock buffer(FF name)  | Load  |
-----------------------------------+------------------------+-------+
clk                                | BUFGP                  | 66    |
-----------------------------------+------------------------+-------+

Asynchronous Control Signals Information:
----------------------------------------
-----------------------------------+------------------------+-------+
Control Signal                     | Buffer(FF name)        | Load  |
-----------------------------------+------------------------+-------+
reset                              | IBUF                   | 58    |
-----------------------------------+------------------------+-------+

Timing Summary:
---------------
Speed Grade: -4

   Minimum period: 6.509ns (Maximum Frequency: 153.633MHz)
   Minimum input arrival time before clock: 2.825ns
   Maximum output required time after clock: 4.283ns
   Maximum combinational path delay: No path found

Timing Detail:
--------------
All values displayed in nanoseconds (ns)

=========================================================================
Timing constraint: Default period analysis for Clock 'clk'
  Clock period: 6.509ns (frequency: 153.633MHz)
  Total number of paths / destination ports: 1321 / 105
-------------------------------------------------------------------------
Delay:               6.509ns (Levels of Logic = 5)
  Source:            uart_unit/baud_gen_unit/r_reg_2 (FF)
  Destination:       uart_unit/uart_tx_unit/s_reg_3 (FF)
  Source Clock:      clk rising
  Destination Clock: clk rising

  Data Path: uart_unit/baud_gen_unit/r_reg_2 to uart_unit/uart_tx_unit/s_reg_3
                                Gate     Net
    Cell:in->out      fanout   Delay   Delay  Logical Name (Net Name)
    ----------------------------------------  ------------
     FDC:C->Q              5   0.591   0.808  uart_unit/baud_gen_unit/r_reg_2 (uart_unit/baud_gen_unit/r_reg_2)
     LUT2_D:I0->LO         1   0.704   0.104  uart_unit/baud_gen_unit/r_next_cmp_eq0000_SW0 (N296)
     LUT4:I3->O           20   0.704   1.106  uart_unit/baud_gen_unit/r_next_cmp_eq0000 (uart_unit/tick)
     LUT4:I3->O            1   0.704   0.000  uart_unit/uart_tx_unit/s_next<3>34_F (N227)
     MUXF5:I0->O           1   0.321   0.455  uart_unit/uart_tx_unit/s_next<3>34 (uart_unit/uart_tx_unit/s_next<3>34)
     LUT4:I2->O            1   0.704   0.000  uart_unit/uart_tx_unit/s_next<3>48 (uart_unit/uart_tx_unit/s_next<3>)
     FDC:D                     0.308          uart_unit/uart_tx_unit/s_reg_3
    ----------------------------------------
    Total                      6.509ns (4.036ns logic, 2.473ns route)
                                       (62.0% logic, 38.0% route)

=========================================================================
Timing constraint: Default OFFSET IN BEFORE for Clock 'clk'
  Total number of paths / destination ports: 2 / 2
-------------------------------------------------------------------------
Offset:              2.825ns (Levels of Logic = 2)
  Source:            ps2d (PAD)
  Destination:       ps2_rx_unit/b_reg_10 (FF)
  Destination Clock: clk rising

  Data Path: ps2d to ps2_rx_unit/b_reg_10
                                Gate     Net
    Cell:in->out      fanout   Delay   Delay  Logical Name (Net Name)
    ----------------------------------------  ------------
     IBUF:I->O             1   1.218   0.595  ps2d_IBUF (ps2d_IBUF)
     LUT4:I0->O            1   0.704   0.000  ps2_rx_unit/b_next<10>1 (ps2_rx_unit/b_next<10>)
     FDC:D                     0.308          ps2_rx_unit/b_reg_10
    ----------------------------------------
    Total                      2.825ns (2.230ns logic, 0.595ns route)
                                       (78.9% logic, 21.1% route)

=========================================================================
Timing constraint: Default OFFSET OUT AFTER for Clock 'clk'
  Total number of paths / destination ports: 1 / 1
-------------------------------------------------------------------------
Offset:              4.283ns (Levels of Logic = 1)
  Source:            uart_unit/uart_tx_unit/tx_reg (FF)
  Destination:       tx (PAD)
  Source Clock:      clk rising

  Data Path: uart_unit/uart_tx_unit/tx_reg to tx
                                Gate     Net
    Cell:in->out      fanout   Delay   Delay  Logical Name (Net Name)
    ----------------------------------------  ------------
     FDP:C->Q              1   0.591   0.420  uart_unit/uart_tx_unit/tx_reg (uart_unit/uart_tx_unit/tx_reg)
     OBUF:I->O                 3.272          tx_OBUF (tx)
    ----------------------------------------
    Total                      4.283ns (3.863ns logic, 0.420ns route)
                                       (90.2% logic, 9.8% route)

=========================================================================


Total REAL time to Xst completion: 9.00 secs
Total CPU time to Xst completion: 8.47 secs
 
--> 

Total memory usage is 4521480 kilobytes

Number of errors   :    0 (   0 filtered)
Number of warnings :   10 (   0 filtered)
Number of infos    :    3 (   0 filtered)

