Running: C:\Xilinx\14.7\ISE_DS\ISE\bin\nt64\unwrapped\fuse.exe -intstyle ise -incremental -lib unisims_ver -lib unimacro_ver -lib xilinxcorelib_ver -lib secureip -o D:/Verilog/MyVerilog/BCD2Bin/BCD2Bin_Testbench_isim_beh.exe -prj D:/Verilog/MyVerilog/BCD2Bin/BCD2Bin_Testbench_beh.prj work.BCD2Bin_Testbench work.glbl 
ISim P.20131013 (signature 0x7708f090)
Number of CPUs detected in this system: 8
Turning on mult-threading, number of parallel sub-compilation jobs: 16 
Determining compilation order of HDL files
Analyzing Verilog file "D:/Verilog/MyVerilog/BCD2Bin/FullAdder1Bit.v" into library work
Analyzing Verilog file "D:/Verilog/MyVerilog/BCD2Bin/Adder_Subtractor.v" into library work
Analyzing Verilog file "D:/Verilog/MyVerilog/BCD2Bin/BCD2Bin.v" into library work
Analyzing Verilog file "D:/Verilog/MyVerilog/BCD2Bin/BCD2Bin_Testbench.v" into library work
Analyzing Verilog file "C:/Xilinx/14.7/ISE_DS/ISE//verilog/src/glbl.v" into library work
Starting static elaboration
Completed static elaboration
Compiling module FullAdder1Bit
Compiling module Adder_Subtractor
Compiling module BCD2Bin
Compiling module BCD2Bin_Testbench
Compiling module glbl
Time Resolution for simulation is 1ps.
Waiting for 1 sub-compilation(s) to finish...
Compiled 5 Verilog Units
Built simulation executable D:/Verilog/MyVerilog/BCD2Bin/BCD2Bin_Testbench_isim_beh.exe
Fuse Memory Usage: 28012 KB
Fuse CPU Usage: 796 ms
